{"name": "test_empy_first_name_field_validation_is_appeared", "status": "broken", "statusDetails": {"message": "selenium.common.exceptions.NoSuchWindowException: Message: no such window: target window already closed\nfrom unknown error: web view not found\n  (Session info: chrome=112.0.5615.49)\nStacktrace:\n0   chromedriver                        0x0000000108856ae8 chromedriver + 4958952\n1   chromedriver                        0x000000010884e7b3 chromedriver + 4925363\n2   chromedriver                        0x00000001084101d6 chromedriver + 475606\n3   chromedriver                        0x00000001083e5cec chromedriver + 302316\n4   chromedriver                        0x000000010847ef2f chromedriver + 929583\n5   chromedriver                        0x0000000108494926 chromedriver + 1018150\n6   chromedriver                        0x00000001084799e3 chromedriver + 907747\n7   chromedriver                        0x0000000108443aef chromedriver + 686831\n8   chromedriver                        0x000000010844500e chromedriver + 692238\n9   chromedriver                        0x00000001088129ad chromedriver + 4680109\n10  chromedriver                        0x0000000108817c12 chromedriver + 4701202\n11  chromedriver                        0x000000010881e79f chromedriver + 4728735\n12  chromedriver                        0x0000000108818b7a chromedriver + 4705146\n13  chromedriver                        0x00000001087eb27e chromedriver + 4518526\n14  chromedriver                        0x0000000108838908 chromedriver + 4835592\n15  chromedriver                        0x0000000108838a87 chromedriver + 4835975\n16  chromedriver                        0x000000010884800f chromedriver + 4898831\n17  libsystem_pthread.dylib             0x00007fff2060b8fc _pthread_start + 224\n18  libsystem_pthread.dylib             0x00007fff20607443 thread_start + 15", "trace": "open_sign_in_page = <HW17.page_objs.sign_in_page.SignInPage object at 0x10eee0810>\n\n    @pytest.fixture()\n    def open_products_tab(open_sign_in_page):\n>       return open_sign_in_page.sign_in(get_user_data()[0], get_user_data()[1])\n\n../../conftest.py:48: \n_ _ _ _ _ _ _ _ _ _ _ _ _ _ _ _ _ _ _ _ _ _ _ _ _ _ _ _ _ _ _ _ _ _ _ _ _ _ _ _ _ _ _ _ _ _ _ _ _ _ _ _ _ _ _ _ _ _ _ _ _ _ _ _ _ _ _ _ _ _ _ _ _ _ \n../../page_objs/sign_in_page.py:42: in sign_in\n    self.fill_email_field(mail).fill_password_field(password).click_login_button()\n../../page_objs/sign_in_page.py:27: in fill_email_field\n    self._send_keys(locator=self.__mail_input, value=user_mail)\n../../utilities/web_ui/base_page.py:20: in _send_keys\n    element = self._wait_until_element_located(locator)\n../../utilities/web_ui/base_page.py:14: in _wait_until_element_located\n    return self.__my_waiter.until(EC.presence_of_element_located(locator))\n../../../lib/python3.11/site-packages/selenium/webdriver/support/wait.py:86: in until\n    value = method(self._driver)\n../../../lib/python3.11/site-packages/selenium/webdriver/support/expected_conditions.py:69: in _predicate\n    return driver.find_element(*locator)\n../../../lib/python3.11/site-packages/selenium/webdriver/remote/webdriver.py:831: in find_element\n    return self.execute(Command.FIND_ELEMENT, {\"using\": by, \"value\": value})[\"value\"]\n../../../lib/python3.11/site-packages/selenium/webdriver/remote/webdriver.py:440: in execute\n    self.error_handler.check_response(response)\n_ _ _ _ _ _ _ _ _ _ _ _ _ _ _ _ _ _ _ _ _ _ _ _ _ _ _ _ _ _ _ _ _ _ _ _ _ _ _ _ _ _ _ _ _ _ _ _ _ _ _ _ _ _ _ _ _ _ _ _ _ _ _ _ _ _ _ _ _ _ _ _ _ _ \n\nself = <selenium.webdriver.remote.errorhandler.ErrorHandler object at 0x10ef849d0>\nresponse = {'status': 404, 'value': '{\"value\":{\"error\":\"no such window\",\"message\":\"no such window: target window already closed\\\\...fff2060b8fc _pthread_start + 224\\\\n18  libsystem_pthread.dylib             0x00007fff20607443 thread_start + 15\\\\n\"}}'}\n\n    def check_response(self, response: Dict[str, Any]) -> None:\n        \"\"\"Checks that a JSON response from the WebDriver does not have an\n        error.\n    \n        :Args:\n         - response - The JSON response from the WebDriver server as a dictionary\n           object.\n    \n        :Raises: If the response contains an error message.\n        \"\"\"\n        status = response.get(\"status\", None)\n        if not status or status == ErrorCode.SUCCESS:\n            return\n        value = None\n        message = response.get(\"message\", \"\")\n        screen: str = response.get(\"screen\", \"\")\n        stacktrace = None\n        if isinstance(status, int):\n            value_json = response.get(\"value\", None)\n            if value_json and isinstance(value_json, str):\n                import json\n    \n                try:\n                    value = json.loads(value_json)\n                    if len(value) == 1:\n                        value = value[\"value\"]\n                    status = value.get(\"error\", None)\n                    if not status:\n                        status = value.get(\"status\", ErrorCode.UNKNOWN_ERROR)\n                        message = value.get(\"value\") or value.get(\"message\")\n                        if not isinstance(message, str):\n                            value = message\n                            message = message.get(\"message\")\n                    else:\n                        message = value.get(\"message\", None)\n                except ValueError:\n                    pass\n    \n        exception_class: Type[WebDriverException]\n        if status in ErrorCode.NO_SUCH_ELEMENT:\n            exception_class = NoSuchElementException\n        elif status in ErrorCode.NO_SUCH_FRAME:\n            exception_class = NoSuchFrameException\n        elif status in ErrorCode.NO_SUCH_SHADOW_ROOT:\n            exception_class = NoSuchShadowRootException\n        elif status in ErrorCode.NO_SUCH_WINDOW:\n            exception_class = NoSuchWindowException\n        elif status in ErrorCode.STALE_ELEMENT_REFERENCE:\n            exception_class = StaleElementReferenceException\n        elif status in ErrorCode.ELEMENT_NOT_VISIBLE:\n            exception_class = ElementNotVisibleException\n        elif status in ErrorCode.INVALID_ELEMENT_STATE:\n            exception_class = InvalidElementStateException\n        elif (\n            status in ErrorCode.INVALID_SELECTOR\n            or status in ErrorCode.INVALID_XPATH_SELECTOR\n            or status in ErrorCode.INVALID_XPATH_SELECTOR_RETURN_TYPER\n        ):\n            exception_class = InvalidSelectorException\n        elif status in ErrorCode.ELEMENT_IS_NOT_SELECTABLE:\n            exception_class = ElementNotSelectableException\n        elif status in ErrorCode.ELEMENT_NOT_INTERACTABLE:\n            exception_class = ElementNotInteractableException\n        elif status in ErrorCode.INVALID_COOKIE_DOMAIN:\n            exception_class = InvalidCookieDomainException\n        elif status in ErrorCode.UNABLE_TO_SET_COOKIE:\n            exception_class = UnableToSetCookieException\n        elif status in ErrorCode.TIMEOUT:\n            exception_class = TimeoutException\n        elif status in ErrorCode.SCRIPT_TIMEOUT:\n            exception_class = TimeoutException\n        elif status in ErrorCode.UNKNOWN_ERROR:\n            exception_class = WebDriverException\n        elif status in ErrorCode.UNEXPECTED_ALERT_OPEN:\n            exception_class = UnexpectedAlertPresentException\n        elif status in ErrorCode.NO_ALERT_OPEN:\n            exception_class = NoAlertPresentException\n        elif status in ErrorCode.IME_NOT_AVAILABLE:\n            exception_class = ImeNotAvailableException\n        elif status in ErrorCode.IME_ENGINE_ACTIVATION_FAILED:\n            exception_class = ImeActivationFailedException\n        elif status in ErrorCode.MOVE_TARGET_OUT_OF_BOUNDS:\n            exception_class = MoveTargetOutOfBoundsException\n        elif status in ErrorCode.JAVASCRIPT_ERROR:\n            exception_class = JavascriptException\n        elif status in ErrorCode.SESSION_NOT_CREATED:\n            exception_class = SessionNotCreatedException\n        elif status in ErrorCode.INVALID_ARGUMENT:\n            exception_class = InvalidArgumentException\n        elif status in ErrorCode.NO_SUCH_COOKIE:\n            exception_class = NoSuchCookieException\n        elif status in ErrorCode.UNABLE_TO_CAPTURE_SCREEN:\n            exception_class = ScreenshotException\n        elif status in ErrorCode.ELEMENT_CLICK_INTERCEPTED:\n            exception_class = ElementClickInterceptedException\n        elif status in ErrorCode.INSECURE_CERTIFICATE:\n            exception_class = InsecureCertificateException\n        elif status in ErrorCode.INVALID_COORDINATES:\n            exception_class = InvalidCoordinatesException\n        elif status in ErrorCode.INVALID_SESSION_ID:\n            exception_class = InvalidSessionIdException\n        elif status in ErrorCode.UNKNOWN_METHOD:\n            exception_class = UnknownMethodException\n        else:\n            exception_class = WebDriverException\n        if not value:\n            value = response[\"value\"]\n        if isinstance(value, str):\n            raise exception_class(value)\n        if message == \"\" and \"message\" in value:\n            message = value[\"message\"]\n    \n        screen = None  # type: ignore[assignment]\n        if \"screen\" in value:\n            screen = value[\"screen\"]\n    \n        stacktrace = None\n        st_value = value.get(\"stackTrace\") or value.get(\"stacktrace\")\n        if st_value:\n            if isinstance(st_value, str):\n                stacktrace = st_value.split(\"\\n\")\n            else:\n                stacktrace = []\n                try:\n                    for frame in st_value:\n                        line = frame.get(\"lineNumber\", \"\")\n                        file = frame.get(\"fileName\", \"<anonymous>\")\n                        if line:\n                            file = f\"{file}:{line}\"\n                        meth = frame.get(\"methodName\", \"<anonymous>\")\n                        if \"className\" in frame:\n                            meth = f\"{frame['className']}.{meth}\"\n                        msg = \"    at %s (%s)\"\n                        msg = msg % (meth, file)\n                        stacktrace.append(msg)\n                except TypeError:\n                    pass\n        if exception_class == UnexpectedAlertPresentException:\n            alert_text = None\n            if \"data\" in value:\n                alert_text = value[\"data\"].get(\"text\")\n            elif \"alert\" in value:\n                alert_text = value[\"alert\"].get(\"text\")\n            raise exception_class(message, screen, stacktrace, alert_text)  # type: ignore[call-arg]  # mypy is not smart enough here\n>       raise exception_class(message, screen, stacktrace)\nE       selenium.common.exceptions.NoSuchWindowException: Message: no such window: target window already closed\nE       from unknown error: web view not found\nE         (Session info: chrome=112.0.5615.49)\nE       Stacktrace:\nE       0   chromedriver                        0x0000000108856ae8 chromedriver + 4958952\nE       1   chromedriver                        0x000000010884e7b3 chromedriver + 4925363\nE       2   chromedriver                        0x00000001084101d6 chromedriver + 475606\nE       3   chromedriver                        0x00000001083e5cec chromedriver + 302316\nE       4   chromedriver                        0x000000010847ef2f chromedriver + 929583\nE       5   chromedriver                        0x0000000108494926 chromedriver + 1018150\nE       6   chromedriver                        0x00000001084799e3 chromedriver + 907747\nE       7   chromedriver                        0x0000000108443aef chromedriver + 686831\nE       8   chromedriver                        0x000000010844500e chromedriver + 692238\nE       9   chromedriver                        0x00000001088129ad chromedriver + 4680109\nE       10  chromedriver                        0x0000000108817c12 chromedriver + 4701202\nE       11  chromedriver                        0x000000010881e79f chromedriver + 4728735\nE       12  chromedriver                        0x0000000108818b7a chromedriver + 4705146\nE       13  chromedriver                        0x00000001087eb27e chromedriver + 4518526\nE       14  chromedriver                        0x0000000108838908 chromedriver + 4835592\nE       15  chromedriver                        0x0000000108838a87 chromedriver + 4835975\nE       16  chromedriver                        0x000000010884800f chromedriver + 4898831\nE       17  libsystem_pthread.dylib             0x00007fff2060b8fc _pthread_start + 224\nE       18  libsystem_pthread.dylib             0x00007fff20607443 thread_start + 15\n\n../../../lib/python3.11/site-packages/selenium/webdriver/remote/errorhandler.py:245: NoSuchWindowException"}, "start": 1681295364090, "stop": 1681295364090, "uuid": "4b34afb5-1353-4a03-8d74-5eddccd9a779", "historyId": "49d71cd2203068aef367ee3869b5c6e5", "testCaseId": "808f2c38f1338fcb8d3977a04c2cd99a", "fullName": "tests.ui_tests.test_checkout_page#test_empy_first_name_field_validation_is_appeared", "labels": [{"name": "tag", "value": "regression"}, {"name": "parentSuite", "value": "tests.ui_tests"}, {"name": "suite", "value": "test_checkout_page"}, {"name": "host", "value": "MacBook-Air-Mikhail.local"}, {"name": "thread", "value": "16957-MainThread"}, {"name": "framework", "value": "pytest"}, {"name": "language", "value": "cpython3"}, {"name": "package", "value": "tests.ui_tests.test_checkout_page"}]}